The system is: Linux - 5.13.0-20-generic - x86_64
Compiling the C compiler identification source file "CMakeCCompilerId.c" succeeded.
Compiler: /home/dillon/dev/dart-sdk/sdk/buildtools/linux-x64/clang/bin/clang 
Build flags: 
Id flags:  

The output was:
0


Compilation of the C compiler identification source "CMakeCCompilerId.c" produced "a.out"

The C compiler identification is Clang, found in "/home/dillon/dev/webcrypto.dart/src/cmake-build-debug/CMakeFiles/3.20.2/CompilerIdC/a.out"

Compiling the CXX compiler identification source file "CMakeCXXCompilerId.cpp" succeeded.
Compiler: /home/dillon/dev/dart-sdk/sdk/buildtools/linux-x64/clang/bin/clang++ 
Build flags: 
Id flags:  

The output was:
0


Compilation of the CXX compiler identification source "CMakeCXXCompilerId.cpp" produced "a.out"

The CXX compiler identification is Clang, found in "/home/dillon/dev/webcrypto.dart/src/cmake-build-debug/CMakeFiles/3.20.2/CompilerIdCXX/a.out"

Detecting C compiler ABI info compiled with the following output:
Change Dir: /home/dillon/dev/webcrypto.dart/src/cmake-build-debug/CMakeFiles/CMakeTmp

Run Build Command(s):/usr/bin/gmake -f Makefile cmTC_dacc2/fast && /usr/bin/gmake  -f CMakeFiles/cmTC_dacc2.dir/build.make CMakeFiles/cmTC_dacc2.dir/build
gmake[1]: Entering directory '/home/dillon/dev/webcrypto.dart/src/cmake-build-debug/CMakeFiles/CMakeTmp'
Building C object CMakeFiles/cmTC_dacc2.dir/CMakeCCompilerABI.c.o
/home/dillon/dev/dart-sdk/sdk/buildtools/linux-x64/clang/bin/clang   -v -MD -MT CMakeFiles/cmTC_dacc2.dir/CMakeCCompilerABI.c.o -MF CMakeFiles/cmTC_dacc2.dir/CMakeCCompilerABI.c.o.d -o CMakeFiles/cmTC_dacc2.dir/CMakeCCompilerABI.c.o -c /snap/clion/169/bin/cmake/linux/share/cmake-3.20/Modules/CMakeCCompilerABI.c
Fuchsia clang version 13.0.0 (https://llvm.googlesource.com/a/llvm-project 7c4e9a68264ffeef6178865be76c45c4fb6390af)
Target: x86_64-unknown-linux-gnu
Thread model: posix
InstalledDir: /home/dillon/dev/dart-sdk/sdk/buildtools/linux-x64/clang/bin
Found candidate GCC installation: /usr/lib/gcc/x86_64-linux-gnu/10
Found candidate GCC installation: /usr/lib/gcc/x86_64-linux-gnu/11
Found candidate GCC installation: /usr/lib/gcc/x86_64-linux-gnu/9
Selected GCC installation: /usr/lib/gcc/x86_64-linux-gnu/11
Candidate multilib: .;@m64
Candidate multilib: 32;@m32
Candidate multilib: x32;@mx32
Selected multilib: .;@m64
 (in-process)
 "/home/dillon/dev/dart-sdk/sdk/buildtools/linux-x64/clang/bin/clang-13" -cc1 -triple x86_64-unknown-linux-gnu -emit-obj -mrelax-all --mrelax-relocations -disable-free -disable-llvm-verifier -discard-value-names -main-file-name CMakeCCompilerABI.c -mrelocation-model static -mframe-pointer=all -fmath-errno -fno-rounding-math -mconstructor-aliases -munwind-tables -target-cpu x86-64 -tune-cpu generic -debugger-tuning=gdb -v -fcoverage-compilation-dir=/home/dillon/dev/webcrypto.dart/src/cmake-build-debug/CMakeFiles/CMakeTmp -resource-dir /home/dillon/dev/dart-sdk/sdk/buildtools/linux-x64/clang/lib/clang/13.0.0 -dependency-file CMakeFiles/cmTC_dacc2.dir/CMakeCCompilerABI.c.o.d -MT CMakeFiles/cmTC_dacc2.dir/CMakeCCompilerABI.c.o -sys-header-deps -internal-isystem /home/dillon/dev/dart-sdk/sdk/buildtools/linux-x64/clang/lib/clang/13.0.0/include -internal-isystem /usr/local/include -internal-isystem /usr/lib/gcc/x86_64-linux-gnu/11/../../../../x86_64-linux-gnu/include -internal-externc-isystem /usr/include/x86_64-linux-gnu -internal-externc-isystem /include -internal-externc-isystem /usr/include -fdebug-compilation-dir=/home/dillon/dev/webcrypto.dart/src/cmake-build-debug/CMakeFiles/CMakeTmp -ferror-limit 19 -fgnuc-version=4.2.1 -faddrsig -D__GCC_HAVE_DWARF2_CFI_ASM=1 -o CMakeFiles/cmTC_dacc2.dir/CMakeCCompilerABI.c.o -x c /snap/clion/169/bin/cmake/linux/share/cmake-3.20/Modules/CMakeCCompilerABI.c
clang -cc1 version 13.0.0 based upon LLVM 13.0.0git default target x86_64-unknown-linux-gnu
ignoring nonexistent directory "/usr/lib/gcc/x86_64-linux-gnu/11/../../../../x86_64-linux-gnu/include"
ignoring nonexistent directory "/include"
#include "..." search starts here:
#include <...> search starts here:
 /home/dillon/dev/dart-sdk/sdk/buildtools/linux-x64/clang/lib/clang/13.0.0/include
 /usr/local/include
 /usr/include/x86_64-linux-gnu
 /usr/include
End of search list.
Linking C executable cmTC_dacc2
/snap/clion/169/bin/cmake/linux/bin/cmake -E cmake_link_script CMakeFiles/cmTC_dacc2.dir/link.txt --verbose=1
/home/dillon/dev/dart-sdk/sdk/buildtools/linux-x64/clang/bin/clang  -v CMakeFiles/cmTC_dacc2.dir/CMakeCCompilerABI.c.o -o cmTC_dacc2 
Fuchsia clang version 13.0.0 (https://llvm.googlesource.com/a/llvm-project 7c4e9a68264ffeef6178865be76c45c4fb6390af)
Target: x86_64-unknown-linux-gnu
Thread model: posix
InstalledDir: /home/dillon/dev/dart-sdk/sdk/buildtools/linux-x64/clang/bin
Found candidate GCC installation: /usr/lib/gcc/x86_64-linux-gnu/10
Found candidate GCC installation: /usr/lib/gcc/x86_64-linux-gnu/11
Found candidate GCC installation: /usr/lib/gcc/x86_64-linux-gnu/9
Selected GCC installation: /usr/lib/gcc/x86_64-linux-gnu/11
Candidate multilib: .;@m64
Candidate multilib: 32;@m32
Candidate multilib: x32;@mx32
Selected multilib: .;@m64
 "/home/dillon/dev/dart-sdk/sdk/buildtools/linux-x64/clang/bin/ld.lld" -z relro --hash-style=gnu --build-id --eh-frame-hdr -m elf_x86_64 -dynamic-linker /lib64/ld-linux-x86-64.so.2 -o cmTC_dacc2 /lib/x86_64-linux-gnu/crt1.o /lib/x86_64-linux-gnu/crti.o /home/dillon/dev/dart-sdk/sdk/buildtools/linux-x64/clang/lib/clang/13.0.0/lib/x86_64-unknown-linux-gnu/clang_rt.crtbegin.o -L/home/dillon/dev/dart-sdk/sdk/buildtools/linux-x64/clang/bin/../lib/x86_64-unknown-linux-gnu -L/usr/lib/gcc/x86_64-linux-gnu/11 -L/usr/lib/gcc/x86_64-linux-gnu/11/../../../../lib64 -L/lib/x86_64-linux-gnu -L/lib/../lib64 -L/usr/lib/x86_64-linux-gnu -L/usr/lib/../lib64 -L/home/dillon/dev/dart-sdk/sdk/buildtools/linux-x64/clang/bin/../lib -L/lib -L/usr/lib CMakeFiles/cmTC_dacc2.dir/CMakeCCompilerABI.c.o /home/dillon/dev/dart-sdk/sdk/buildtools/linux-x64/clang/lib/clang/13.0.0/lib/x86_64-unknown-linux-gnu/libclang_rt.builtins.a -lc /home/dillon/dev/dart-sdk/sdk/buildtools/linux-x64/clang/lib/clang/13.0.0/lib/x86_64-unknown-linux-gnu/libclang_rt.builtins.a /home/dillon/dev/dart-sdk/sdk/buildtools/linux-x64/clang/lib/clang/13.0.0/lib/x86_64-unknown-linux-gnu/clang_rt.crtend.o /lib/x86_64-linux-gnu/crtn.o
gmake[1]: Leaving directory '/home/dillon/dev/webcrypto.dart/src/cmake-build-debug/CMakeFiles/CMakeTmp'



Parsed C implicit include dir info from above output: rv=done
  found start of include info
  found start of implicit include info
    add: [/home/dillon/dev/dart-sdk/sdk/buildtools/linux-x64/clang/lib/clang/13.0.0/include]
    add: [/usr/local/include]
    add: [/usr/include/x86_64-linux-gnu]
    add: [/usr/include]
  end of search list found
  collapse include dir [/home/dillon/dev/dart-sdk/sdk/buildtools/linux-x64/clang/lib/clang/13.0.0/include] ==> [/home/dillon/dev/dart-sdk/sdk/buildtools/linux-x64/clang/lib/clang/13.0.0/include]
  collapse include dir [/usr/local/include] ==> [/usr/local/include]
  collapse include dir [/usr/include/x86_64-linux-gnu] ==> [/usr/include/x86_64-linux-gnu]
  collapse include dir [/usr/include] ==> [/usr/include]
  implicit include dirs: [/home/dillon/dev/dart-sdk/sdk/buildtools/linux-x64/clang/lib/clang/13.0.0/include;/usr/local/include;/usr/include/x86_64-linux-gnu;/usr/include]


Parsed C implicit link information from above output:
  link line regex: [^( *|.*[/\])(ld|CMAKE_LINK_STARTFILE-NOTFOUND|([^/\]+-)?ld|collect2)[^/\]*( |$)]
  ignore line: [Change Dir: /home/dillon/dev/webcrypto.dart/src/cmake-build-debug/CMakeFiles/CMakeTmp]
  ignore line: []
  ignore line: [Run Build Command(s):/usr/bin/gmake -f Makefile cmTC_dacc2/fast && /usr/bin/gmake  -f CMakeFiles/cmTC_dacc2.dir/build.make CMakeFiles/cmTC_dacc2.dir/build]
  ignore line: [gmake[1]: Entering directory '/home/dillon/dev/webcrypto.dart/src/cmake-build-debug/CMakeFiles/CMakeTmp']
  ignore line: [Building C object CMakeFiles/cmTC_dacc2.dir/CMakeCCompilerABI.c.o]
  ignore line: [/home/dillon/dev/dart-sdk/sdk/buildtools/linux-x64/clang/bin/clang   -v -MD -MT CMakeFiles/cmTC_dacc2.dir/CMakeCCompilerABI.c.o -MF CMakeFiles/cmTC_dacc2.dir/CMakeCCompilerABI.c.o.d -o CMakeFiles/cmTC_dacc2.dir/CMakeCCompilerABI.c.o -c /snap/clion/169/bin/cmake/linux/share/cmake-3.20/Modules/CMakeCCompilerABI.c]
  ignore line: [Fuchsia clang version 13.0.0 (https://llvm.googlesource.com/a/llvm-project 7c4e9a68264ffeef6178865be76c45c4fb6390af)]
  ignore line: [Target: x86_64-unknown-linux-gnu]
  ignore line: [Thread model: posix]
  ignore line: [InstalledDir: /home/dillon/dev/dart-sdk/sdk/buildtools/linux-x64/clang/bin]
  ignore line: [Found candidate GCC installation: /usr/lib/gcc/x86_64-linux-gnu/10]
  ignore line: [Found candidate GCC installation: /usr/lib/gcc/x86_64-linux-gnu/11]
  ignore line: [Found candidate GCC installation: /usr/lib/gcc/x86_64-linux-gnu/9]
  ignore line: [Selected GCC installation: /usr/lib/gcc/x86_64-linux-gnu/11]
  ignore line: [Candidate multilib: .]
  ignore line: [@m64]
  ignore line: [Candidate multilib: 32]
  ignore line: [@m32]
  ignore line: [Candidate multilib: x32]
  ignore line: [@mx32]
  ignore line: [Selected multilib: .]
  ignore line: [@m64]
  ignore line: [ (in-process)]
  ignore line: [ "/home/dillon/dev/dart-sdk/sdk/buildtools/linux-x64/clang/bin/clang-13" -cc1 -triple x86_64-unknown-linux-gnu -emit-obj -mrelax-all --mrelax-relocations -disable-free -disable-llvm-verifier -discard-value-names -main-file-name CMakeCCompilerABI.c -mrelocation-model static -mframe-pointer=all -fmath-errno -fno-rounding-math -mconstructor-aliases -munwind-tables -target-cpu x86-64 -tune-cpu generic -debugger-tuning=gdb -v -fcoverage-compilation-dir=/home/dillon/dev/webcrypto.dart/src/cmake-build-debug/CMakeFiles/CMakeTmp -resource-dir /home/dillon/dev/dart-sdk/sdk/buildtools/linux-x64/clang/lib/clang/13.0.0 -dependency-file CMakeFiles/cmTC_dacc2.dir/CMakeCCompilerABI.c.o.d -MT CMakeFiles/cmTC_dacc2.dir/CMakeCCompilerABI.c.o -sys-header-deps -internal-isystem /home/dillon/dev/dart-sdk/sdk/buildtools/linux-x64/clang/lib/clang/13.0.0/include -internal-isystem /usr/local/include -internal-isystem /usr/lib/gcc/x86_64-linux-gnu/11/../../../../x86_64-linux-gnu/include -internal-externc-isystem /usr/include/x86_64-linux-gnu -internal-externc-isystem /include -internal-externc-isystem /usr/include -fdebug-compilation-dir=/home/dillon/dev/webcrypto.dart/src/cmake-build-debug/CMakeFiles/CMakeTmp -ferror-limit 19 -fgnuc-version=4.2.1 -faddrsig -D__GCC_HAVE_DWARF2_CFI_ASM=1 -o CMakeFiles/cmTC_dacc2.dir/CMakeCCompilerABI.c.o -x c /snap/clion/169/bin/cmake/linux/share/cmake-3.20/Modules/CMakeCCompilerABI.c]
  ignore line: [clang -cc1 version 13.0.0 based upon LLVM 13.0.0git default target x86_64-unknown-linux-gnu]
  ignore line: [ignoring nonexistent directory "/usr/lib/gcc/x86_64-linux-gnu/11/../../../../x86_64-linux-gnu/include"]
  ignore line: [ignoring nonexistent directory "/include"]
  ignore line: [#include "..." search starts here:]
  ignore line: [#include <...> search starts here:]
  ignore line: [ /home/dillon/dev/dart-sdk/sdk/buildtools/linux-x64/clang/lib/clang/13.0.0/include]
  ignore line: [ /usr/local/include]
  ignore line: [ /usr/include/x86_64-linux-gnu]
  ignore line: [ /usr/include]
  ignore line: [End of search list.]
  ignore line: [Linking C executable cmTC_dacc2]
  ignore line: [/snap/clion/169/bin/cmake/linux/bin/cmake -E cmake_link_script CMakeFiles/cmTC_dacc2.dir/link.txt --verbose=1]
  ignore line: [/home/dillon/dev/dart-sdk/sdk/buildtools/linux-x64/clang/bin/clang  -v CMakeFiles/cmTC_dacc2.dir/CMakeCCompilerABI.c.o -o cmTC_dacc2 ]
  ignore line: [Fuchsia clang version 13.0.0 (https://llvm.googlesource.com/a/llvm-project 7c4e9a68264ffeef6178865be76c45c4fb6390af)]
  ignore line: [Target: x86_64-unknown-linux-gnu]
  ignore line: [Thread model: posix]
  ignore line: [InstalledDir: /home/dillon/dev/dart-sdk/sdk/buildtools/linux-x64/clang/bin]
  ignore line: [Found candidate GCC installation: /usr/lib/gcc/x86_64-linux-gnu/10]
  ignore line: [Found candidate GCC installation: /usr/lib/gcc/x86_64-linux-gnu/11]
  ignore line: [Found candidate GCC installation: /usr/lib/gcc/x86_64-linux-gnu/9]
  ignore line: [Selected GCC installation: /usr/lib/gcc/x86_64-linux-gnu/11]
  ignore line: [Candidate multilib: .]
  ignore line: [@m64]
  ignore line: [Candidate multilib: 32]
  ignore line: [@m32]
  ignore line: [Candidate multilib: x32]
  ignore line: [@mx32]
  ignore line: [Selected multilib: .]
  ignore line: [@m64]
  link line: [ "/home/dillon/dev/dart-sdk/sdk/buildtools/linux-x64/clang/bin/ld.lld" -z relro --hash-style=gnu --build-id --eh-frame-hdr -m elf_x86_64 -dynamic-linker /lib64/ld-linux-x86-64.so.2 -o cmTC_dacc2 /lib/x86_64-linux-gnu/crt1.o /lib/x86_64-linux-gnu/crti.o /home/dillon/dev/dart-sdk/sdk/buildtools/linux-x64/clang/lib/clang/13.0.0/lib/x86_64-unknown-linux-gnu/clang_rt.crtbegin.o -L/home/dillon/dev/dart-sdk/sdk/buildtools/linux-x64/clang/bin/../lib/x86_64-unknown-linux-gnu -L/usr/lib/gcc/x86_64-linux-gnu/11 -L/usr/lib/gcc/x86_64-linux-gnu/11/../../../../lib64 -L/lib/x86_64-linux-gnu -L/lib/../lib64 -L/usr/lib/x86_64-linux-gnu -L/usr/lib/../lib64 -L/home/dillon/dev/dart-sdk/sdk/buildtools/linux-x64/clang/bin/../lib -L/lib -L/usr/lib CMakeFiles/cmTC_dacc2.dir/CMakeCCompilerABI.c.o /home/dillon/dev/dart-sdk/sdk/buildtools/linux-x64/clang/lib/clang/13.0.0/lib/x86_64-unknown-linux-gnu/libclang_rt.builtins.a -lc /home/dillon/dev/dart-sdk/sdk/buildtools/linux-x64/clang/lib/clang/13.0.0/lib/x86_64-unknown-linux-gnu/libclang_rt.builtins.a /home/dillon/dev/dart-sdk/sdk/buildtools/linux-x64/clang/lib/clang/13.0.0/lib/x86_64-unknown-linux-gnu/clang_rt.crtend.o /lib/x86_64-linux-gnu/crtn.o]
    arg [/home/dillon/dev/dart-sdk/sdk/buildtools/linux-x64/clang/bin/ld.lld] ==> ignore
    arg [-zrelro] ==> ignore
    arg [--hash-style=gnu] ==> ignore
    arg [--build-id] ==> ignore
    arg [--eh-frame-hdr] ==> ignore
    arg [-m] ==> ignore
    arg [elf_x86_64] ==> ignore
    arg [-dynamic-linker] ==> ignore
    arg [/lib64/ld-linux-x86-64.so.2] ==> ignore
    arg [-o] ==> ignore
    arg [cmTC_dacc2] ==> ignore
    arg [/lib/x86_64-linux-gnu/crt1.o] ==> obj [/lib/x86_64-linux-gnu/crt1.o]
    arg [/lib/x86_64-linux-gnu/crti.o] ==> obj [/lib/x86_64-linux-gnu/crti.o]
    arg [/home/dillon/dev/dart-sdk/sdk/buildtools/linux-x64/clang/lib/clang/13.0.0/lib/x86_64-unknown-linux-gnu/clang_rt.crtbegin.o] ==> obj [/home/dillon/dev/dart-sdk/sdk/buildtools/linux-x64/clang/lib/clang/13.0.0/lib/x86_64-unknown-linux-gnu/clang_rt.crtbegin.o]
    arg [-L/home/dillon/dev/dart-sdk/sdk/buildtools/linux-x64/clang/bin/../lib/x86_64-unknown-linux-gnu] ==> dir [/home/dillon/dev/dart-sdk/sdk/buildtools/linux-x64/clang/bin/../lib/x86_64-unknown-linux-gnu]
    arg [-L/usr/lib/gcc/x86_64-linux-gnu/11] ==> dir [/usr/lib/gcc/x86_64-linux-gnu/11]
    arg [-L/usr/lib/gcc/x86_64-linux-gnu/11/../../../../lib64] ==> dir [/usr/lib/gcc/x86_64-linux-gnu/11/../../../../lib64]
    arg [-L/lib/x86_64-linux-gnu] ==> dir [/lib/x86_64-linux-gnu]
    arg [-L/lib/../lib64] ==> dir [/lib/../lib64]
    arg [-L/usr/lib/x86_64-linux-gnu] ==> dir [/usr/lib/x86_64-linux-gnu]
    arg [-L/usr/lib/../lib64] ==> dir [/usr/lib/../lib64]
    arg [-L/home/dillon/dev/dart-sdk/sdk/buildtools/linux-x64/clang/bin/../lib] ==> dir [/home/dillon/dev/dart-sdk/sdk/buildtools/linux-x64/clang/bin/../lib]
    arg [-L/lib] ==> dir [/lib]
    arg [-L/usr/lib] ==> dir [/usr/lib]
    arg [CMakeFiles/cmTC_dacc2.dir/CMakeCCompilerABI.c.o] ==> ignore
    arg [/home/dillon/dev/dart-sdk/sdk/buildtools/linux-x64/clang/lib/clang/13.0.0/lib/x86_64-unknown-linux-gnu/libclang_rt.builtins.a] ==> lib [/home/dillon/dev/dart-sdk/sdk/buildtools/linux-x64/clang/lib/clang/13.0.0/lib/x86_64-unknown-linux-gnu/libclang_rt.builtins.a]
    arg [-lc] ==> lib [c]
    arg [/home/dillon/dev/dart-sdk/sdk/buildtools/linux-x64/clang/lib/clang/13.0.0/lib/x86_64-unknown-linux-gnu/libclang_rt.builtins.a] ==> lib [/home/dillon/dev/dart-sdk/sdk/buildtools/linux-x64/clang/lib/clang/13.0.0/lib/x86_64-unknown-linux-gnu/libclang_rt.builtins.a]
    arg [/home/dillon/dev/dart-sdk/sdk/buildtools/linux-x64/clang/lib/clang/13.0.0/lib/x86_64-unknown-linux-gnu/clang_rt.crtend.o] ==> obj [/home/dillon/dev/dart-sdk/sdk/buildtools/linux-x64/clang/lib/clang/13.0.0/lib/x86_64-unknown-linux-gnu/clang_rt.crtend.o]
    arg [/lib/x86_64-linux-gnu/crtn.o] ==> obj [/lib/x86_64-linux-gnu/crtn.o]
  remove lib [/home/dillon/dev/dart-sdk/sdk/buildtools/linux-x64/clang/lib/clang/13.0.0/lib/x86_64-unknown-linux-gnu/libclang_rt.builtins.a]
  remove lib [/home/dillon/dev/dart-sdk/sdk/buildtools/linux-x64/clang/lib/clang/13.0.0/lib/x86_64-unknown-linux-gnu/libclang_rt.builtins.a]
  collapse library dir [/home/dillon/dev/dart-sdk/sdk/buildtools/linux-x64/clang/bin/../lib/x86_64-unknown-linux-gnu] ==> [/home/dillon/dev/dart-sdk/sdk/buildtools/linux-x64/clang/lib/x86_64-unknown-linux-gnu]
  collapse library dir [/usr/lib/gcc/x86_64-linux-gnu/11] ==> [/usr/lib/gcc/x86_64-linux-gnu/11]
  collapse library dir [/usr/lib/gcc/x86_64-linux-gnu/11/../../../../lib64] ==> [/usr/lib64]
  collapse library dir [/lib/x86_64-linux-gnu] ==> [/lib/x86_64-linux-gnu]
  collapse library dir [/lib/../lib64] ==> [/lib64]
  collapse library dir [/usr/lib/x86_64-linux-gnu] ==> [/usr/lib/x86_64-linux-gnu]
  collapse library dir [/usr/lib/../lib64] ==> [/usr/lib64]
  collapse library dir [/home/dillon/dev/dart-sdk/sdk/buildtools/linux-x64/clang/bin/../lib] ==> [/home/dillon/dev/dart-sdk/sdk/buildtools/linux-x64/clang/lib]
  collapse library dir [/lib] ==> [/lib]
  collapse library dir [/usr/lib] ==> [/usr/lib]
  implicit libs: [c]
  implicit objs: [/lib/x86_64-linux-gnu/crt1.o;/lib/x86_64-linux-gnu/crti.o;/home/dillon/dev/dart-sdk/sdk/buildtools/linux-x64/clang/lib/clang/13.0.0/lib/x86_64-unknown-linux-gnu/clang_rt.crtbegin.o;/home/dillon/dev/dart-sdk/sdk/buildtools/linux-x64/clang/lib/clang/13.0.0/lib/x86_64-unknown-linux-gnu/clang_rt.crtend.o;/lib/x86_64-linux-gnu/crtn.o]
  implicit dirs: [/home/dillon/dev/dart-sdk/sdk/buildtools/linux-x64/clang/lib/x86_64-unknown-linux-gnu;/usr/lib/gcc/x86_64-linux-gnu/11;/usr/lib64;/lib/x86_64-linux-gnu;/lib64;/usr/lib/x86_64-linux-gnu;/home/dillon/dev/dart-sdk/sdk/buildtools/linux-x64/clang/lib;/lib;/usr/lib]
  implicit fwks: []


Detecting CXX compiler ABI info compiled with the following output:
Change Dir: /home/dillon/dev/webcrypto.dart/src/cmake-build-debug/CMakeFiles/CMakeTmp

Run Build Command(s):/usr/bin/gmake -f Makefile cmTC_70ad3/fast && /usr/bin/gmake  -f CMakeFiles/cmTC_70ad3.dir/build.make CMakeFiles/cmTC_70ad3.dir/build
gmake[1]: Entering directory '/home/dillon/dev/webcrypto.dart/src/cmake-build-debug/CMakeFiles/CMakeTmp'
Building CXX object CMakeFiles/cmTC_70ad3.dir/CMakeCXXCompilerABI.cpp.o
/home/dillon/dev/dart-sdk/sdk/buildtools/linux-x64/clang/bin/clang++   -v -MD -MT CMakeFiles/cmTC_70ad3.dir/CMakeCXXCompilerABI.cpp.o -MF CMakeFiles/cmTC_70ad3.dir/CMakeCXXCompilerABI.cpp.o.d -o CMakeFiles/cmTC_70ad3.dir/CMakeCXXCompilerABI.cpp.o -c /snap/clion/169/bin/cmake/linux/share/cmake-3.20/Modules/CMakeCXXCompilerABI.cpp
Fuchsia clang version 13.0.0 (https://llvm.googlesource.com/a/llvm-project 7c4e9a68264ffeef6178865be76c45c4fb6390af)
Target: x86_64-unknown-linux-gnu
Thread model: posix
InstalledDir: /home/dillon/dev/dart-sdk/sdk/buildtools/linux-x64/clang/bin
Found candidate GCC installation: /usr/lib/gcc/x86_64-linux-gnu/10
Found candidate GCC installation: /usr/lib/gcc/x86_64-linux-gnu/11
Found candidate GCC installation: /usr/lib/gcc/x86_64-linux-gnu/9
Selected GCC installation: /usr/lib/gcc/x86_64-linux-gnu/11
Candidate multilib: .;@m64
Candidate multilib: 32;@m32
Candidate multilib: x32;@mx32
Selected multilib: .;@m64
 (in-process)
 "/home/dillon/dev/dart-sdk/sdk/buildtools/linux-x64/clang/bin/clang-13" -cc1 -triple x86_64-unknown-linux-gnu -emit-obj -mrelax-all --mrelax-relocations -disable-free -disable-llvm-verifier -discard-value-names -main-file-name CMakeCXXCompilerABI.cpp -mrelocation-model static -mframe-pointer=all -fmath-errno -fno-rounding-math -mconstructor-aliases -munwind-tables -target-cpu x86-64 -tune-cpu generic -debugger-tuning=gdb -v -fcoverage-compilation-dir=/home/dillon/dev/webcrypto.dart/src/cmake-build-debug/CMakeFiles/CMakeTmp -resource-dir /home/dillon/dev/dart-sdk/sdk/buildtools/linux-x64/clang/lib/clang/13.0.0 -dependency-file CMakeFiles/cmTC_70ad3.dir/CMakeCXXCompilerABI.cpp.o.d -MT CMakeFiles/cmTC_70ad3.dir/CMakeCXXCompilerABI.cpp.o -sys-header-deps -internal-isystem /home/dillon/dev/dart-sdk/sdk/buildtools/linux-x64/clang/bin/../include/x86_64-unknown-linux-gnu/c++/v1 -internal-isystem /home/dillon/dev/dart-sdk/sdk/buildtools/linux-x64/clang/bin/../include/c++/v1 -internal-isystem /home/dillon/dev/dart-sdk/sdk/buildtools/linux-x64/clang/lib/clang/13.0.0/include -internal-isystem /usr/local/include -internal-isystem /usr/lib/gcc/x86_64-linux-gnu/11/../../../../x86_64-linux-gnu/include -internal-externc-isystem /usr/include/x86_64-linux-gnu -internal-externc-isystem /include -internal-externc-isystem /usr/include -fdeprecated-macro -fdebug-compilation-dir=/home/dillon/dev/webcrypto.dart/src/cmake-build-debug/CMakeFiles/CMakeTmp -ferror-limit 19 -fgnuc-version=4.2.1 -fcxx-exceptions -fexceptions -faddrsig -D__GCC_HAVE_DWARF2_CFI_ASM=1 -o CMakeFiles/cmTC_70ad3.dir/CMakeCXXCompilerABI.cpp.o -x c++ /snap/clion/169/bin/cmake/linux/share/cmake-3.20/Modules/CMakeCXXCompilerABI.cpp
clang -cc1 version 13.0.0 based upon LLVM 13.0.0git default target x86_64-unknown-linux-gnu
ignoring nonexistent directory "/usr/lib/gcc/x86_64-linux-gnu/11/../../../../x86_64-linux-gnu/include"
ignoring nonexistent directory "/include"
#include "..." search starts here:
#include <...> search starts here:
 /home/dillon/dev/dart-sdk/sdk/buildtools/linux-x64/clang/bin/../include/x86_64-unknown-linux-gnu/c++/v1
 /home/dillon/dev/dart-sdk/sdk/buildtools/linux-x64/clang/bin/../include/c++/v1
 /home/dillon/dev/dart-sdk/sdk/buildtools/linux-x64/clang/lib/clang/13.0.0/include
 /usr/local/include
 /usr/include/x86_64-linux-gnu
 /usr/include
End of search list.
Linking CXX executable cmTC_70ad3
/snap/clion/169/bin/cmake/linux/bin/cmake -E cmake_link_script CMakeFiles/cmTC_70ad3.dir/link.txt --verbose=1
/home/dillon/dev/dart-sdk/sdk/buildtools/linux-x64/clang/bin/clang++  -v CMakeFiles/cmTC_70ad3.dir/CMakeCXXCompilerABI.cpp.o -o cmTC_70ad3 
Fuchsia clang version 13.0.0 (https://llvm.googlesource.com/a/llvm-project 7c4e9a68264ffeef6178865be76c45c4fb6390af)
Target: x86_64-unknown-linux-gnu
Thread model: posix
InstalledDir: /home/dillon/dev/dart-sdk/sdk/buildtools/linux-x64/clang/bin
Found candidate GCC installation: /usr/lib/gcc/x86_64-linux-gnu/10
Found candidate GCC installation: /usr/lib/gcc/x86_64-linux-gnu/11
Found candidate GCC installation: /usr/lib/gcc/x86_64-linux-gnu/9
Selected GCC installation: /usr/lib/gcc/x86_64-linux-gnu/11
Candidate multilib: .;@m64
Candidate multilib: 32;@m32
Candidate multilib: x32;@mx32
Selected multilib: .;@m64
 "/home/dillon/dev/dart-sdk/sdk/buildtools/linux-x64/clang/bin/ld.lld" -z relro --hash-style=gnu --build-id --eh-frame-hdr -m elf_x86_64 -dynamic-linker /lib64/ld-linux-x86-64.so.2 -o cmTC_70ad3 /lib/x86_64-linux-gnu/crt1.o /lib/x86_64-linux-gnu/crti.o /home/dillon/dev/dart-sdk/sdk/buildtools/linux-x64/clang/lib/clang/13.0.0/lib/x86_64-unknown-linux-gnu/clang_rt.crtbegin.o -L/home/dillon/dev/dart-sdk/sdk/buildtools/linux-x64/clang/bin/../lib/x86_64-unknown-linux-gnu -L/usr/lib/gcc/x86_64-linux-gnu/11 -L/usr/lib/gcc/x86_64-linux-gnu/11/../../../../lib64 -L/lib/x86_64-linux-gnu -L/lib/../lib64 -L/usr/lib/x86_64-linux-gnu -L/usr/lib/../lib64 -L/home/dillon/dev/dart-sdk/sdk/buildtools/linux-x64/clang/bin/../lib -L/lib -L/usr/lib CMakeFiles/cmTC_70ad3.dir/CMakeCXXCompilerABI.cpp.o -lc++ -lm /home/dillon/dev/dart-sdk/sdk/buildtools/linux-x64/clang/lib/clang/13.0.0/lib/x86_64-unknown-linux-gnu/libclang_rt.builtins.a -lc /home/dillon/dev/dart-sdk/sdk/buildtools/linux-x64/clang/lib/clang/13.0.0/lib/x86_64-unknown-linux-gnu/libclang_rt.builtins.a /home/dillon/dev/dart-sdk/sdk/buildtools/linux-x64/clang/lib/clang/13.0.0/lib/x86_64-unknown-linux-gnu/clang_rt.crtend.o /lib/x86_64-linux-gnu/crtn.o
gmake[1]: Leaving directory '/home/dillon/dev/webcrypto.dart/src/cmake-build-debug/CMakeFiles/CMakeTmp'



Parsed CXX implicit include dir info from above output: rv=done
  found start of include info
  found start of implicit include info
    add: [/home/dillon/dev/dart-sdk/sdk/buildtools/linux-x64/clang/bin/../include/x86_64-unknown-linux-gnu/c++/v1]
    add: [/home/dillon/dev/dart-sdk/sdk/buildtools/linux-x64/clang/bin/../include/c++/v1]
    add: [/home/dillon/dev/dart-sdk/sdk/buildtools/linux-x64/clang/lib/clang/13.0.0/include]
    add: [/usr/local/include]
    add: [/usr/include/x86_64-linux-gnu]
    add: [/usr/include]
  end of search list found
  collapse include dir [/home/dillon/dev/dart-sdk/sdk/buildtools/linux-x64/clang/bin/../include/x86_64-unknown-linux-gnu/c++/v1] ==> [/home/dillon/dev/dart-sdk/sdk/buildtools/linux-x64/clang/include/x86_64-unknown-linux-gnu/c++/v1]
  collapse include dir [/home/dillon/dev/dart-sdk/sdk/buildtools/linux-x64/clang/bin/../include/c++/v1] ==> [/home/dillon/dev/dart-sdk/sdk/buildtools/linux-x64/clang/include/c++/v1]
  collapse include dir [/home/dillon/dev/dart-sdk/sdk/buildtools/linux-x64/clang/lib/clang/13.0.0/include] ==> [/home/dillon/dev/dart-sdk/sdk/buildtools/linux-x64/clang/lib/clang/13.0.0/include]
  collapse include dir [/usr/local/include] ==> [/usr/local/include]
  collapse include dir [/usr/include/x86_64-linux-gnu] ==> [/usr/include/x86_64-linux-gnu]
  collapse include dir [/usr/include] ==> [/usr/include]
  implicit include dirs: [/home/dillon/dev/dart-sdk/sdk/buildtools/linux-x64/clang/include/x86_64-unknown-linux-gnu/c++/v1;/home/dillon/dev/dart-sdk/sdk/buildtools/linux-x64/clang/include/c++/v1;/home/dillon/dev/dart-sdk/sdk/buildtools/linux-x64/clang/lib/clang/13.0.0/include;/usr/local/include;/usr/include/x86_64-linux-gnu;/usr/include]


Parsed CXX implicit link information from above output:
  link line regex: [^( *|.*[/\])(ld|CMAKE_LINK_STARTFILE-NOTFOUND|([^/\]+-)?ld|collect2)[^/\]*( |$)]
  ignore line: [Change Dir: /home/dillon/dev/webcrypto.dart/src/cmake-build-debug/CMakeFiles/CMakeTmp]
  ignore line: []
  ignore line: [Run Build Command(s):/usr/bin/gmake -f Makefile cmTC_70ad3/fast && /usr/bin/gmake  -f CMakeFiles/cmTC_70ad3.dir/build.make CMakeFiles/cmTC_70ad3.dir/build]
  ignore line: [gmake[1]: Entering directory '/home/dillon/dev/webcrypto.dart/src/cmake-build-debug/CMakeFiles/CMakeTmp']
  ignore line: [Building CXX object CMakeFiles/cmTC_70ad3.dir/CMakeCXXCompilerABI.cpp.o]
  ignore line: [/home/dillon/dev/dart-sdk/sdk/buildtools/linux-x64/clang/bin/clang++   -v -MD -MT CMakeFiles/cmTC_70ad3.dir/CMakeCXXCompilerABI.cpp.o -MF CMakeFiles/cmTC_70ad3.dir/CMakeCXXCompilerABI.cpp.o.d -o CMakeFiles/cmTC_70ad3.dir/CMakeCXXCompilerABI.cpp.o -c /snap/clion/169/bin/cmake/linux/share/cmake-3.20/Modules/CMakeCXXCompilerABI.cpp]
  ignore line: [Fuchsia clang version 13.0.0 (https://llvm.googlesource.com/a/llvm-project 7c4e9a68264ffeef6178865be76c45c4fb6390af)]
  ignore line: [Target: x86_64-unknown-linux-gnu]
  ignore line: [Thread model: posix]
  ignore line: [InstalledDir: /home/dillon/dev/dart-sdk/sdk/buildtools/linux-x64/clang/bin]
  ignore line: [Found candidate GCC installation: /usr/lib/gcc/x86_64-linux-gnu/10]
  ignore line: [Found candidate GCC installation: /usr/lib/gcc/x86_64-linux-gnu/11]
  ignore line: [Found candidate GCC installation: /usr/lib/gcc/x86_64-linux-gnu/9]
  ignore line: [Selected GCC installation: /usr/lib/gcc/x86_64-linux-gnu/11]
  ignore line: [Candidate multilib: .]
  ignore line: [@m64]
  ignore line: [Candidate multilib: 32]
  ignore line: [@m32]
  ignore line: [Candidate multilib: x32]
  ignore line: [@mx32]
  ignore line: [Selected multilib: .]
  ignore line: [@m64]
  ignore line: [ (in-process)]
  ignore line: [ "/home/dillon/dev/dart-sdk/sdk/buildtools/linux-x64/clang/bin/clang-13" -cc1 -triple x86_64-unknown-linux-gnu -emit-obj -mrelax-all --mrelax-relocations -disable-free -disable-llvm-verifier -discard-value-names -main-file-name CMakeCXXCompilerABI.cpp -mrelocation-model static -mframe-pointer=all -fmath-errno -fno-rounding-math -mconstructor-aliases -munwind-tables -target-cpu x86-64 -tune-cpu generic -debugger-tuning=gdb -v -fcoverage-compilation-dir=/home/dillon/dev/webcrypto.dart/src/cmake-build-debug/CMakeFiles/CMakeTmp -resource-dir /home/dillon/dev/dart-sdk/sdk/buildtools/linux-x64/clang/lib/clang/13.0.0 -dependency-file CMakeFiles/cmTC_70ad3.dir/CMakeCXXCompilerABI.cpp.o.d -MT CMakeFiles/cmTC_70ad3.dir/CMakeCXXCompilerABI.cpp.o -sys-header-deps -internal-isystem /home/dillon/dev/dart-sdk/sdk/buildtools/linux-x64/clang/bin/../include/x86_64-unknown-linux-gnu/c++/v1 -internal-isystem /home/dillon/dev/dart-sdk/sdk/buildtools/linux-x64/clang/bin/../include/c++/v1 -internal-isystem /home/dillon/dev/dart-sdk/sdk/buildtools/linux-x64/clang/lib/clang/13.0.0/include -internal-isystem /usr/local/include -internal-isystem /usr/lib/gcc/x86_64-linux-gnu/11/../../../../x86_64-linux-gnu/include -internal-externc-isystem /usr/include/x86_64-linux-gnu -internal-externc-isystem /include -internal-externc-isystem /usr/include -fdeprecated-macro -fdebug-compilation-dir=/home/dillon/dev/webcrypto.dart/src/cmake-build-debug/CMakeFiles/CMakeTmp -ferror-limit 19 -fgnuc-version=4.2.1 -fcxx-exceptions -fexceptions -faddrsig -D__GCC_HAVE_DWARF2_CFI_ASM=1 -o CMakeFiles/cmTC_70ad3.dir/CMakeCXXCompilerABI.cpp.o -x c++ /snap/clion/169/bin/cmake/linux/share/cmake-3.20/Modules/CMakeCXXCompilerABI.cpp]
  ignore line: [clang -cc1 version 13.0.0 based upon LLVM 13.0.0git default target x86_64-unknown-linux-gnu]
  ignore line: [ignoring nonexistent directory "/usr/lib/gcc/x86_64-linux-gnu/11/../../../../x86_64-linux-gnu/include"]
  ignore line: [ignoring nonexistent directory "/include"]
  ignore line: [#include "..." search starts here:]
  ignore line: [#include <...> search starts here:]
  ignore line: [ /home/dillon/dev/dart-sdk/sdk/buildtools/linux-x64/clang/bin/../include/x86_64-unknown-linux-gnu/c++/v1]
  ignore line: [ /home/dillon/dev/dart-sdk/sdk/buildtools/linux-x64/clang/bin/../include/c++/v1]
  ignore line: [ /home/dillon/dev/dart-sdk/sdk/buildtools/linux-x64/clang/lib/clang/13.0.0/include]
  ignore line: [ /usr/local/include]
  ignore line: [ /usr/include/x86_64-linux-gnu]
  ignore line: [ /usr/include]
  ignore line: [End of search list.]
  ignore line: [Linking CXX executable cmTC_70ad3]
  ignore line: [/snap/clion/169/bin/cmake/linux/bin/cmake -E cmake_link_script CMakeFiles/cmTC_70ad3.dir/link.txt --verbose=1]
  ignore line: [/home/dillon/dev/dart-sdk/sdk/buildtools/linux-x64/clang/bin/clang++  -v CMakeFiles/cmTC_70ad3.dir/CMakeCXXCompilerABI.cpp.o -o cmTC_70ad3 ]
  ignore line: [Fuchsia clang version 13.0.0 (https://llvm.googlesource.com/a/llvm-project 7c4e9a68264ffeef6178865be76c45c4fb6390af)]
  ignore line: [Target: x86_64-unknown-linux-gnu]
  ignore line: [Thread model: posix]
  ignore line: [InstalledDir: /home/dillon/dev/dart-sdk/sdk/buildtools/linux-x64/clang/bin]
  ignore line: [Found candidate GCC installation: /usr/lib/gcc/x86_64-linux-gnu/10]
  ignore line: [Found candidate GCC installation: /usr/lib/gcc/x86_64-linux-gnu/11]
  ignore line: [Found candidate GCC installation: /usr/lib/gcc/x86_64-linux-gnu/9]
  ignore line: [Selected GCC installation: /usr/lib/gcc/x86_64-linux-gnu/11]
  ignore line: [Candidate multilib: .]
  ignore line: [@m64]
  ignore line: [Candidate multilib: 32]
  ignore line: [@m32]
  ignore line: [Candidate multilib: x32]
  ignore line: [@mx32]
  ignore line: [Selected multilib: .]
  ignore line: [@m64]
  link line: [ "/home/dillon/dev/dart-sdk/sdk/buildtools/linux-x64/clang/bin/ld.lld" -z relro --hash-style=gnu --build-id --eh-frame-hdr -m elf_x86_64 -dynamic-linker /lib64/ld-linux-x86-64.so.2 -o cmTC_70ad3 /lib/x86_64-linux-gnu/crt1.o /lib/x86_64-linux-gnu/crti.o /home/dillon/dev/dart-sdk/sdk/buildtools/linux-x64/clang/lib/clang/13.0.0/lib/x86_64-unknown-linux-gnu/clang_rt.crtbegin.o -L/home/dillon/dev/dart-sdk/sdk/buildtools/linux-x64/clang/bin/../lib/x86_64-unknown-linux-gnu -L/usr/lib/gcc/x86_64-linux-gnu/11 -L/usr/lib/gcc/x86_64-linux-gnu/11/../../../../lib64 -L/lib/x86_64-linux-gnu -L/lib/../lib64 -L/usr/lib/x86_64-linux-gnu -L/usr/lib/../lib64 -L/home/dillon/dev/dart-sdk/sdk/buildtools/linux-x64/clang/bin/../lib -L/lib -L/usr/lib CMakeFiles/cmTC_70ad3.dir/CMakeCXXCompilerABI.cpp.o -lc++ -lm /home/dillon/dev/dart-sdk/sdk/buildtools/linux-x64/clang/lib/clang/13.0.0/lib/x86_64-unknown-linux-gnu/libclang_rt.builtins.a -lc /home/dillon/dev/dart-sdk/sdk/buildtools/linux-x64/clang/lib/clang/13.0.0/lib/x86_64-unknown-linux-gnu/libclang_rt.builtins.a /home/dillon/dev/dart-sdk/sdk/buildtools/linux-x64/clang/lib/clang/13.0.0/lib/x86_64-unknown-linux-gnu/clang_rt.crtend.o /lib/x86_64-linux-gnu/crtn.o]
    arg [/home/dillon/dev/dart-sdk/sdk/buildtools/linux-x64/clang/bin/ld.lld] ==> ignore
    arg [-zrelro] ==> ignore
    arg [--hash-style=gnu] ==> ignore
    arg [--build-id] ==> ignore
    arg [--eh-frame-hdr] ==> ignore
    arg [-m] ==> ignore
    arg [elf_x86_64] ==> ignore
    arg [-dynamic-linker] ==> ignore
    arg [/lib64/ld-linux-x86-64.so.2] ==> ignore
    arg [-o] ==> ignore
    arg [cmTC_70ad3] ==> ignore
    arg [/lib/x86_64-linux-gnu/crt1.o] ==> obj [/lib/x86_64-linux-gnu/crt1.o]
    arg [/lib/x86_64-linux-gnu/crti.o] ==> obj [/lib/x86_64-linux-gnu/crti.o]
    arg [/home/dillon/dev/dart-sdk/sdk/buildtools/linux-x64/clang/lib/clang/13.0.0/lib/x86_64-unknown-linux-gnu/clang_rt.crtbegin.o] ==> obj [/home/dillon/dev/dart-sdk/sdk/buildtools/linux-x64/clang/lib/clang/13.0.0/lib/x86_64-unknown-linux-gnu/clang_rt.crtbegin.o]
    arg [-L/home/dillon/dev/dart-sdk/sdk/buildtools/linux-x64/clang/bin/../lib/x86_64-unknown-linux-gnu] ==> dir [/home/dillon/dev/dart-sdk/sdk/buildtools/linux-x64/clang/bin/../lib/x86_64-unknown-linux-gnu]
    arg [-L/usr/lib/gcc/x86_64-linux-gnu/11] ==> dir [/usr/lib/gcc/x86_64-linux-gnu/11]
    arg [-L/usr/lib/gcc/x86_64-linux-gnu/11/../../../../lib64] ==> dir [/usr/lib/gcc/x86_64-linux-gnu/11/../../../../lib64]
    arg [-L/lib/x86_64-linux-gnu] ==> dir [/lib/x86_64-linux-gnu]
    arg [-L/lib/../lib64] ==> dir [/lib/../lib64]
    arg [-L/usr/lib/x86_64-linux-gnu] ==> dir [/usr/lib/x86_64-linux-gnu]
    arg [-L/usr/lib/../lib64] ==> dir [/usr/lib/../lib64]
    arg [-L/home/dillon/dev/dart-sdk/sdk/buildtools/linux-x64/clang/bin/../lib] ==> dir [/home/dillon/dev/dart-sdk/sdk/buildtools/linux-x64/clang/bin/../lib]
    arg [-L/lib] ==> dir [/lib]
    arg [-L/usr/lib] ==> dir [/usr/lib]
    arg [CMakeFiles/cmTC_70ad3.dir/CMakeCXXCompilerABI.cpp.o] ==> ignore
    arg [-lc++] ==> lib [c++]
    arg [-lm] ==> lib [m]
    arg [/home/dillon/dev/dart-sdk/sdk/buildtools/linux-x64/clang/lib/clang/13.0.0/lib/x86_64-unknown-linux-gnu/libclang_rt.builtins.a] ==> lib [/home/dillon/dev/dart-sdk/sdk/buildtools/linux-x64/clang/lib/clang/13.0.0/lib/x86_64-unknown-linux-gnu/libclang_rt.builtins.a]
    arg [-lc] ==> lib [c]
    arg [/home/dillon/dev/dart-sdk/sdk/buildtools/linux-x64/clang/lib/clang/13.0.0/lib/x86_64-unknown-linux-gnu/libclang_rt.builtins.a] ==> lib [/home/dillon/dev/dart-sdk/sdk/buildtools/linux-x64/clang/lib/clang/13.0.0/lib/x86_64-unknown-linux-gnu/libclang_rt.builtins.a]
    arg [/home/dillon/dev/dart-sdk/sdk/buildtools/linux-x64/clang/lib/clang/13.0.0/lib/x86_64-unknown-linux-gnu/clang_rt.crtend.o] ==> obj [/home/dillon/dev/dart-sdk/sdk/buildtools/linux-x64/clang/lib/clang/13.0.0/lib/x86_64-unknown-linux-gnu/clang_rt.crtend.o]
    arg [/lib/x86_64-linux-gnu/crtn.o] ==> obj [/lib/x86_64-linux-gnu/crtn.o]
  remove lib [/home/dillon/dev/dart-sdk/sdk/buildtools/linux-x64/clang/lib/clang/13.0.0/lib/x86_64-unknown-linux-gnu/libclang_rt.builtins.a]
  remove lib [/home/dillon/dev/dart-sdk/sdk/buildtools/linux-x64/clang/lib/clang/13.0.0/lib/x86_64-unknown-linux-gnu/libclang_rt.builtins.a]
  collapse library dir [/home/dillon/dev/dart-sdk/sdk/buildtools/linux-x64/clang/bin/../lib/x86_64-unknown-linux-gnu] ==> [/home/dillon/dev/dart-sdk/sdk/buildtools/linux-x64/clang/lib/x86_64-unknown-linux-gnu]
  collapse library dir [/usr/lib/gcc/x86_64-linux-gnu/11] ==> [/usr/lib/gcc/x86_64-linux-gnu/11]
  collapse library dir [/usr/lib/gcc/x86_64-linux-gnu/11/../../../../lib64] ==> [/usr/lib64]
  collapse library dir [/lib/x86_64-linux-gnu] ==> [/lib/x86_64-linux-gnu]
  collapse library dir [/lib/../lib64] ==> [/lib64]
  collapse library dir [/usr/lib/x86_64-linux-gnu] ==> [/usr/lib/x86_64-linux-gnu]
  collapse library dir [/usr/lib/../lib64] ==> [/usr/lib64]
  collapse library dir [/home/dillon/dev/dart-sdk/sdk/buildtools/linux-x64/clang/bin/../lib] ==> [/home/dillon/dev/dart-sdk/sdk/buildtools/linux-x64/clang/lib]
  collapse library dir [/lib] ==> [/lib]
  collapse library dir [/usr/lib] ==> [/usr/lib]
  implicit libs: [c++;m;c]
  implicit objs: [/lib/x86_64-linux-gnu/crt1.o;/lib/x86_64-linux-gnu/crti.o;/home/dillon/dev/dart-sdk/sdk/buildtools/linux-x64/clang/lib/clang/13.0.0/lib/x86_64-unknown-linux-gnu/clang_rt.crtbegin.o;/home/dillon/dev/dart-sdk/sdk/buildtools/linux-x64/clang/lib/clang/13.0.0/lib/x86_64-unknown-linux-gnu/clang_rt.crtend.o;/lib/x86_64-linux-gnu/crtn.o]
  implicit dirs: [/home/dillon/dev/dart-sdk/sdk/buildtools/linux-x64/clang/lib/x86_64-unknown-linux-gnu;/usr/lib/gcc/x86_64-linux-gnu/11;/usr/lib64;/lib/x86_64-linux-gnu;/lib64;/usr/lib/x86_64-linux-gnu;/home/dillon/dev/dart-sdk/sdk/buildtools/linux-x64/clang/lib;/lib;/usr/lib]
  implicit fwks: []


Checking whether the ASM compiler is Clang using "--version" matched "(clang version)":
Fuchsia clang version 13.0.0 (https://llvm.googlesource.com/a/llvm-project 7c4e9a68264ffeef6178865be76c45c4fb6390af)
Target: x86_64-unknown-linux-gnu
Thread model: posix
InstalledDir: /home/dillon/dev/dart-sdk/sdk/buildtools/linux-x64/clang/bin
